<?xml version="1.0" encoding="UTF-8"?>
<testsuite name="TestSuite" time="2.677" tests="2" errors="0" skipped="0" failures="2">
  <properties>
[...]
</properties>
  <testcase name="feature" classname="runner.RunCuke" time="2.677">
    <failure message="org.openqa.selenium.SessionNotCreatedException: session not created: This version of ChromeDriver only supports Chrome version 80&#10;Build info: version: &apos;3.8.1&apos;, revision: &apos;6e95a6684b&apos;, time: &apos;2017-12-01T18:33:54.468Z&apos;&#10;System info: host: &apos;LAPTOP-4JRKOLU9&apos;, ip: &apos;192.168.0.103&apos;, os.name: &apos;Windows 10&apos;, os.arch: &apos;amd64&apos;, os.version: &apos;10.0&apos;, java.version: &apos;1.8.0_121&apos;&#10;Driver info: driver.version: SeleniumDriver&#10;remote stacktrace: Backtrace:&#10;	Ordinal0 [0x00450C83+1707139]&#10;	Ordinal0 [0x003B68F1+1075441]&#10;	Ordinal0 [0x0032DFC9+516041]&#10;	Ordinal0 [0x002C0554+66900]&#10;	Ordinal0 [0x002BCCE2+52450]&#10;	Ordinal0 [0x002DBFD7+180183]&#10;	Ordinal0 [0x002DBDDD+179677]&#10;	Ordinal0 [0x002D9D4B+171339]&#10;	Ordinal0 [0x002C1D4A+73034]&#10;	Ordinal0 [0x002C2DC0+77248]&#10;	Ordinal0 [0x002C2D59+77145]&#10;	Ordinal0 [0x003CBB67+1162087]&#10;	GetHandleVerifier [0x004EA966+508998]&#10;	GetHandleVerifier [0x004EA6A4+508292]&#10;	GetHandleVerifier [0x004FF7B7+594583]&#10;	GetHandleVerifier [0x004EB1D6+511158]&#10;	Ordinal0 [0x003C402C+1130540]&#10;	Ordinal0 [0x003CD4CB+1168587]&#10;	Ordinal0 [0x003CD633+1168947]&#10;	Ordinal0 [0x003E5B35+1268533]&#10;	BaseThreadInitThunk [0x77356359+25]&#10;	RtlGetAppContainerNamedObjectPath [0x77AC7C24+228]&#10;	RtlGetAppContainerNamedObjectPath [0x77AC7BF4+180]&#10;" type="cucumber.runtime.CucumberException"><![CDATA[cucumber.runtime.CucumberException: org.openqa.selenium.SessionNotCreatedException: session not created: This version of ChromeDriver only supports Chrome version 80
Build info: version: '3.8.1', revision: '6e95a6684b', time: '2017-12-01T18:33:54.468Z'
System info: host: 'LAPTOP-4JRKOLU9', ip: '192.168.0.103', os.name: 'Windows 10', os.arch: 'amd64', os.version: '10.0', java.version: '1.8.0_121'
Driver info: driver.version: SeleniumDriver
remote stacktrace: Backtrace:
	Ordinal0 [0x00450C83+1707139]
	Ordinal0 [0x003B68F1+1075441]
	Ordinal0 [0x0032DFC9+516041]
	Ordinal0 [0x002C0554+66900]
	Ordinal0 [0x002BCCE2+52450]
	Ordinal0 [0x002DBFD7+180183]
	Ordinal0 [0x002DBDDD+179677]
	Ordinal0 [0x002D9D4B+171339]
	Ordinal0 [0x002C1D4A+73034]
	Ordinal0 [0x002C2DC0+77248]
	Ordinal0 [0x002C2D59+77145]
	Ordinal0 [0x003CBB67+1162087]
	GetHandleVerifier [0x004EA966+508998]
	GetHandleVerifier [0x004EA6A4+508292]
	GetHandleVerifier [0x004FF7B7+594583]
	GetHandleVerifier [0x004EB1D6+511158]
	Ordinal0 [0x003C402C+1130540]
	Ordinal0 [0x003CD4CB+1168587]
	Ordinal0 [0x003CD633+1168947]
	Ordinal0 [0x003E5B35+1268533]
	BaseThreadInitThunk [0x77356359+25]
	RtlGetAppContainerNamedObjectPath [0x77AC7C24+228]
	RtlGetAppContainerNamedObjectPath [0x77AC7BF4+180]

	at cucumber.api.testng.TestNGCucumberRunner.runCucumber(TestNGCucumberRunner.java:69)
	at cucumber.api.testng.AbstractTestNGCucumberTests.feature(AbstractTestNGCucumberTests.java:21)
	at sun.reflect.NativeMethodAccessorImpl.invoke0(Native Method)
	at sun.reflect.NativeMethodAccessorImpl.invoke(NativeMethodAccessorImpl.java:62)
	at sun.reflect.DelegatingMethodAccessorImpl.invoke(DelegatingMethodAccessorImpl.java:43)
	at java.lang.reflect.Method.invoke(Method.java:498)
	at org.testng.internal.MethodInvocationHelper.invokeMethod(MethodInvocationHelper.java:86)
	at org.testng.internal.Invoker.invokeMethod(Invoker.java:643)
	at org.testng.internal.Invoker.invokeTestMethod(Invoker.java:820)
	at org.testng.internal.Invoker.invokeTestMethods(Invoker.java:1128)
	at org.testng.internal.TestMethodWorker.invokeTestMethods(TestMethodWorker.java:129)
	at org.testng.internal.TestMethodWorker.run(TestMethodWorker.java:112)
	at org.testng.TestRunner.privateRun(TestRunner.java:782)
	at org.testng.TestRunner.run(TestRunner.java:632)
	at org.testng.SuiteRunner.runTest(SuiteRunner.java:366)
	at org.testng.SuiteRunner.runSequentially(SuiteRunner.java:361)
	at org.testng.SuiteRunner.privateRun(SuiteRunner.java:319)
	at org.testng.SuiteRunner.run(SuiteRunner.java:268)
	at org.testng.SuiteRunnerWorker.runSuite(SuiteRunnerWorker.java:52)
	at org.testng.SuiteRunnerWorker.run(SuiteRunnerWorker.java:86)
	at org.testng.TestNG.runSuitesSequentially(TestNG.java:1244)
	at org.testng.TestNG.runSuitesLocally(TestNG.java:1169)
	at org.testng.TestNG.run(TestNG.java:1064)
	at org.apache.maven.surefire.testng.TestNGExecutor.run(TestNGExecutor.java:295)
	at org.apache.maven.surefire.testng.TestNGXmlTestSuite.execute(TestNGXmlTestSuite.java:84)
	at org.apache.maven.surefire.testng.TestNGProvider.invoke(TestNGProvider.java:90)
	at org.apache.maven.surefire.booter.ForkedBooter.invokeProviderInSameClassLoader(ForkedBooter.java:203)
	at org.apache.maven.surefire.booter.ForkedBooter.runSuitesInProcess(ForkedBooter.java:155)
	at org.apache.maven.surefire.booter.ForkedBooter.main(ForkedBooter.java:103)
Caused by: org.openqa.selenium.SessionNotCreatedException: session not created: This version of ChromeDriver only supports Chrome version 80
Build info: version: '3.8.1', revision: '6e95a6684b', time: '2017-12-01T18:33:54.468Z'
System info: host: 'LAPTOP-4JRKOLU9', ip: '192.168.0.103', os.name: 'Windows 10', os.arch: 'amd64', os.version: '10.0', java.version: '1.8.0_121'
Driver info: driver.version: SeleniumDriver
remote stacktrace: Backtrace:
	Ordinal0 [0x00450C83+1707139]
	Ordinal0 [0x003B68F1+1075441]
	Ordinal0 [0x0032DFC9+516041]
	Ordinal0 [0x002C0554+66900]
	Ordinal0 [0x002BCCE2+52450]
	Ordinal0 [0x002DBFD7+180183]
	Ordinal0 [0x002DBDDD+179677]
	Ordinal0 [0x002D9D4B+171339]
	Ordinal0 [0x002C1D4A+73034]
	Ordinal0 [0x002C2DC0+77248]
	Ordinal0 [0x002C2D59+77145]
	Ordinal0 [0x003CBB67+1162087]
	GetHandleVerifier [0x004EA966+508998]
	GetHandleVerifier [0x004EA6A4+508292]
	GetHandleVerifier [0x004FF7B7+594583]
	GetHandleVerifier [0x004EB1D6+511158]
	Ordinal0 [0x003C402C+1130540]
	Ordinal0 [0x003CD4CB+1168587]
	Ordinal0 [0x003CD633+1168947]
	Ordinal0 [0x003E5B35+1268533]
	BaseThreadInitThunk [0x77356359+25]
	RtlGetAppContainerNamedObjectPath [0x77AC7C24+228]
	RtlGetAppContainerNamedObjectPath [0x77AC7BF4+180]

	at sun.reflect.NativeConstructorAccessorImpl.newInstance0(Native Method)
	at sun.reflect.NativeConstructorAccessorImpl.newInstance(NativeConstructorAccessorImpl.java:62)
	at sun.reflect.DelegatingConstructorAccessorImpl.newInstance(DelegatingConstructorAccessorImpl.java:45)
	at java.lang.reflect.Constructor.newInstance(Constructor.java:423)
	at org.openqa.selenium.remote.W3CHandshakeResponse.lambda$new$0(W3CHandshakeResponse.java:57)
	at org.openqa.selenium.remote.W3CHandshakeResponse.lambda$getResponseFunction$2(W3CHandshakeResponse.java:104)
	at org.openqa.selenium.remote.ProtocolHandshake.lambda$createSession$0(ProtocolHandshake.java:123)
	at java.util.stream.ReferencePipeline$3$1.accept(ReferencePipeline.java:193)
	at java.util.Spliterators$ArraySpliterator.tryAdvance(Spliterators.java:958)
	at java.util.stream.ReferencePipeline.forEachWithCancel(ReferencePipeline.java:126)
	at java.util.stream.AbstractPipeline.copyIntoWithCancel(AbstractPipeline.java:498)
	at java.util.stream.AbstractPipeline.copyInto(AbstractPipeline.java:485)
	at java.util.stream.AbstractPipeline.wrapAndCopyInto(AbstractPipeline.java:471)
	at java.util.stream.FindOps$FindOp.evaluateSequential(FindOps.java:152)
	at java.util.stream.AbstractPipeline.evaluate(AbstractPipeline.java:234)
	at java.util.stream.ReferencePipeline.findFirst(ReferencePipeline.java:464)
	at org.openqa.selenium.remote.ProtocolHandshake.createSession(ProtocolHandshake.java:126)
	at org.openqa.selenium.remote.ProtocolHandshake.createSession(ProtocolHandshake.java:73)
	at org.openqa.selenium.remote.HttpCommandExecutor.execute(HttpCommandExecutor.java:142)
	at org.openqa.selenium.remote.service.DriverCommandExecutor.execute(DriverCommandExecutor.java:83)
	at org.openqa.selenium.remote.RemoteWebDriver.execute(RemoteWebDriver.java:601)
	at org.openqa.selenium.remote.RemoteWebDriver.startSession(RemoteWebDriver.java:219)
	at org.openqa.selenium.remote.RemoteWebDriver.<init>(RemoteWebDriver.java:142)
	at org.openqa.selenium.chrome.ChromeDriver.<init>(ChromeDriver.java:181)
	at org.openqa.selenium.chrome.ChromeDriver.<init>(ChromeDriver.java:168)
	at org.openqa.selenium.chrome.ChromeDriver.<init>(ChromeDriver.java:123)
	at utils.SeleniumDriver.<init>(SeleniumDriver.java:27)
	at utils.SeleniumDriver.setUpDriver(SeleniumDriver.java:47)
	at stepdefs.BeforeActions.setUp(BeforeActions.java:11)
	at sun.reflect.NativeMethodAccessorImpl.invoke0(Native Method)
	at sun.reflect.NativeMethodAccessorImpl.invoke(NativeMethodAccessorImpl.java:62)
	at sun.reflect.DelegatingMethodAccessorImpl.invoke(DelegatingMethodAccessorImpl.java:43)
	at java.lang.reflect.Method.invoke(Method.java:498)
	at cucumber.runtime.Utils$1.call(Utils.java:37)
	at cucumber.runtime.Timeout.timeout(Timeout.java:13)
	at cucumber.runtime.Utils.invoke(Utils.java:31)
	at cucumber.runtime.java.JavaHookDefinition.execute(JavaHookDefinition.java:60)
	at cucumber.runtime.Runtime.runHookIfTagsMatch(Runtime.java:223)
	at cucumber.runtime.Runtime.runHooks(Runtime.java:211)
	at cucumber.runtime.Runtime.runBeforeHooks(Runtime.java:201)
	at cucumber.runtime.model.CucumberScenario.run(CucumberScenario.java:40)
	at cucumber.runtime.model.CucumberFeature.run(CucumberFeature.java:165)
	at cucumber.api.testng.TestNGCucumberRunner.runCucumber(TestNGCucumberRunner.java:63)
	at cucumber.api.testng.AbstractTestNGCucumberTests.feature(AbstractTestNGCucumberTests.java:21)
	at sun.reflect.NativeMethodAccessorImpl.invoke0(Native Method)
	at sun.reflect.NativeMethodAccessorImpl.invoke(NativeMethodAccessorImpl.java:62)
	at sun.reflect.DelegatingMethodAccessorImpl.invoke(DelegatingMethodAccessorImpl.java:43)
	at java.lang.reflect.Method.invoke(Method.java:498)
	at org.testng.internal.MethodInvocationHelper.invokeMethod(MethodInvocationHelper.java:86)
	at org.testng.internal.Invoker.invokeMethod(Invoker.java:643)
	at org.testng.internal.Invoker.invokeTestMethod(Invoker.java:820)
	at org.testng.internal.Invoker.invokeTestMethods(Invoker.java:1128)
	at org.testng.internal.TestMethodWorker.invokeTestMethods(TestMethodWorker.java:129)
	at org.testng.internal.TestMethodWorker.run(TestMethodWorker.java:112)
	at org.testng.TestRunner.privateRun(TestRunner.java:782)
	at org.testng.TestRunner.run(TestRunner.java:632)
	at org.testng.SuiteRunner.runTest(SuiteRunner.java:366)
	at org.testng.SuiteRunner.runSequentially(SuiteRunner.java:361)
	at org.testng.SuiteRunner.privateRun(SuiteRunner.java:319)
	at org.testng.SuiteRunner.run(SuiteRunner.java:268)
	at org.testng.SuiteRunnerWorker.runSuite(SuiteRunnerWorker.java:52)
	at org.testng.SuiteRunnerWorker.run(SuiteRunnerWorker.java:86)
	at org.testng.TestNG.runSuitesSequentially(TestNG.java:1244)
	at org.testng.TestNG.runSuitesLocally(TestNG.java:1169)
	at org.testng.TestNG.run(TestNG.java:1064)
	at org.apache.maven.surefire.testng.TestNGExecutor.run(TestNGExecutor.java:295)
	at org.apache.maven.surefire.testng.TestNGXmlTestSuite.execute(TestNGXmlTestSuite.java:84)
	at org.apache.maven.surefire.testng.TestNGProvider.invoke(TestNGProvider.java:90)
	at org.apache.maven.surefire.booter.ForkedBooter.invokeProviderInSameClassLoader(ForkedBooter.java:203)
	at org.apache.maven.surefire.booter.ForkedBooter.runSuitesInProcess(ForkedBooter.java:155)
	at org.apache.maven.surefire.booter.ForkedBooter.main(ForkedBooter.java:103)
]]></failure>
    <system-out><![CDATA[[TestNGContentHandler] [WARN] It is strongly recommended to add "<!DOCTYPE suite SYSTEM "http://testng.org/testng-1.0.dtd" >" at the top of your file, otherwise TestNG may fail or not work as expected.
@Search-Cars
Feature: Acceptance testing to validate Search cars page is working fine.
  In order to validate that the search cars page is working fine, we will do the acceptance testing
&amp#27;[31mFailure in before hook:&amp#27;[0m&amp#27;[31mBeforeActions.setUp()&amp#27;[0m
&amp#27;[31mMessage: &amp#27;[0m&amp#27;[31morg.openqa.selenium.SessionNotCreatedException: session not created: This version of ChromeDriver only supports Chrome version 80
Build info: version: '3.8.1', revision: '6e95a6684b', time: '2017-12-01T18:33:54.468Z'
System info: host: 'LAPTOP-4JRKOLU9', ip: '192.168.0.103', os.name: 'Windows 10', os.arch: 'amd64', os.version: '10.0', java.version: '1.8.0_121'
Driver info: driver.version: SeleniumDriver
remote stacktrace: Backtrace:
	Ordinal0 [0x00450C83+1707139]
	Ordinal0 [0x003B68F1+1075441]
	Ordinal0 [0x0032DFC9+516041]
	Ordinal0 [0x002C0554+66900]
	Ordinal0 [0x002BCCE2+52450]
	Ordinal0 [0x002DBFD7+180183]
	Ordinal0 [0x002DBDDD+179677]
	Ordinal0 [0x002D9D4B+171339]
	Ordinal0 [0x002C1D4A+73034]
	Ordinal0 [0x002C2DC0+77248]
	Ordinal0 [0x002C2D59+77145]
	Ordinal0 [0x003CBB67+1162087]
	GetHandleVerifier [0x004EA966+508998]
	GetHandleVerifier [0x004EA6A4+508292]
	GetHandleVerifier [0x004FF7B7+594583]
	GetHandleVerifier [0x004EB1D6+511158]
	Ordinal0 [0x003C402C+1130540]
	Ordinal0 [0x003CD4CB+1168587]
	Ordinal0 [0x003CD633+1168947]
	Ordinal0 [0x003E5B35+1268533]
	BaseThreadInitThunk [0x77356359+25]
	RtlGetAppContainerNamedObjectPath [0x77AC7C24+228]
	RtlGetAppContainerNamedObjectPath [0x77AC7BF4+180]

	at sun.reflect.NativeConstructorAccessorImpl.newInstance0(Native Method)
	at sun.reflect.NativeConstructorAccessorImpl.newInstance(NativeConstructorAccessorImpl.java:62)
	at sun.reflect.DelegatingConstructorAccessorImpl.newInstance(DelegatingConstructorAccessorImpl.java:45)
	at java.lang.reflect.Constructor.newInstance(Constructor.java:423)
	at org.openqa.selenium.remote.W3CHandshakeResponse.lambda$new$0(W3CHandshakeResponse.java:57)
	at org.openqa.selenium.remote.W3CHandshakeResponse.lambda$getResponseFunction$2(W3CHandshakeResponse.java:104)
	at org.openqa.selenium.remote.ProtocolHandshake.lambda$createSession$0(ProtocolHandshake.java:123)
	at java.util.stream.ReferencePipeline$3$1.accept(ReferencePipeline.java:193)
	at java.util.Spliterators$ArraySpliterator.tryAdvance(Spliterators.java:958)
	at java.util.stream.ReferencePipeline.forEachWithCancel(ReferencePipeline.java:126)
	at java.util.stream.AbstractPipeline.copyIntoWithCancel(AbstractPipeline.java:498)
	at java.util.stream.AbstractPipeline.copyInto(AbstractPipeline.java:485)
	at java.util.stream.AbstractPipeline.wrapAndCopyInto(AbstractPipeline.java:471)
	at java.util.stream.FindOps$FindOp.evaluateSequential(FindOps.java:152)
	at java.util.stream.AbstractPipeline.evaluate(AbstractPipeline.java:234)
	at java.util.stream.ReferencePipeline.findFirst(ReferencePipeline.java:464)
	at org.openqa.selenium.remote.ProtocolHandshake.createSession(ProtocolHandshake.java:126)
	at org.openqa.selenium.remote.ProtocolHandshake.createSession(ProtocolHandshake.java:73)
	at org.openqa.selenium.remote.HttpCommandExecutor.execute(HttpCommandExecutor.java:142)
	at org.openqa.selenium.remote.service.DriverCommandExecutor.execute(DriverCommandExecutor.java:83)
	at org.openqa.selenium.remote.RemoteWebDriver.execute(RemoteWebDriver.java:601)
	at org.openqa.selenium.remote.RemoteWebDriver.startSession(RemoteWebDriver.java:219)
	at org.openqa.selenium.remote.RemoteWebDriver.<init>(RemoteWebDriver.java:142)
	at org.openqa.selenium.chrome.ChromeDriver.<init>(ChromeDriver.java:181)
	at org.openqa.selenium.chrome.ChromeDriver.<init>(ChromeDriver.java:168)
	at org.openqa.selenium.chrome.ChromeDriver.<init>(ChromeDriver.java:123)
	at utils.SeleniumDriver.<init>(SeleniumDriver.java:27)
	at utils.SeleniumDriver.setUpDriver(SeleniumDriver.java:47)
	at stepdefs.BeforeActions.setUp(BeforeActions.java:11)
	at sun.reflect.NativeMethodAccessorImpl.invoke0(Native Method)
	at sun.reflect.NativeMethodAccessorImpl.invoke(NativeMethodAccessorImpl.java:62)
	at sun.reflect.DelegatingMethodAccessorImpl.invoke(DelegatingMethodAccessorImpl.java:43)
	at java.lang.reflect.Method.invoke(Method.java:498)
	at cucumber.runtime.Utils$1.call(Utils.java:37)
	at cucumber.runtime.Timeout.timeout(Timeout.java:13)
	at cucumber.runtime.Utils.invoke(Utils.java:31)
	at cucumber.runtime.java.JavaHookDefinition.execute(JavaHookDefinition.java:60)
	at cucumber.runtime.Runtime.runHookIfTagsMatch(Runtime.java:223)
	at cucumber.runtime.Runtime.runHooks(Runtime.java:211)
	at cucumber.runtime.Runtime.runBeforeHooks(Runtime.java:201)
	at cucumber.runtime.model.CucumberScenario.run(CucumberScenario.java:40)
	at cucumber.runtime.model.CucumberFeature.run(CucumberFeature.java:165)
	at cucumber.api.testng.TestNGCucumberRunner.runCucumber(TestNGCucumberRunner.java:63)
	at cucumber.api.testng.AbstractTestNGCucumberTests.feature(AbstractTestNGCucumberTests.java:21)
	at sun.reflect.NativeMethodAccessorImpl.invoke0(Native Method)
	at sun.reflect.NativeMethodAccessorImpl.invoke(NativeMethodAccessorImpl.java:62)
	at sun.reflect.DelegatingMethodAccessorImpl.invoke(DelegatingMethodAccessorImpl.java:43)
	at java.lang.reflect.Method.invoke(Method.java:498)
	at org.testng.internal.MethodInvocationHelper.invokeMethod(MethodInvocationHelper.java:86)
	at org.testng.internal.Invoker.invokeMethod(Invoker.java:643)
	at org.testng.internal.Invoker.invokeTestMethod(Invoker.java:820)
	at org.testng.internal.Invoker.invokeTestMethods(Invoker.java:1128)
	at org.testng.internal.TestMethodWorker.invokeTestMethods(TestMethodWorker.java:129)
	at org.testng.internal.TestMethodWorker.run(TestMethodWorker.java:112)
	at org.testng.TestRunner.privateRun(TestRunner.java:782)
	at org.testng.TestRunner.run(TestRunner.java:632)
	at org.testng.SuiteRunner.runTest(SuiteRunner.java:366)
	at org.testng.SuiteRunner.runSequentially(SuiteRunner.java:361)
	at org.testng.SuiteRunner.privateRun(SuiteRunner.java:319)
	at org.testng.SuiteRunner.run(SuiteRunner.java:268)
	at org.testng.SuiteRunnerWorker.runSuite(SuiteRunnerWorker.java:52)
	at org.testng.SuiteRunnerWorker.run(SuiteRunnerWorker.java:86)
	at org.testng.TestNG.runSuitesSequentially(TestNG.java:1244)
	at org.testng.TestNG.runSuitesLocally(TestNG.java:1169)
	at org.testng.TestNG.run(TestNG.java:1064)
	at org.apache.maven.surefire.testng.TestNGExecutor.run(TestNGExecutor.java:295)
	at org.apache.maven.surefire.testng.TestNGXmlTestSuite.execute(TestNGXmlTestSuite.java:84)
	at org.apache.maven.surefire.testng.TestNGProvider.invoke(TestNGProvider.java:90)
	at org.apache.maven.surefire.booter.ForkedBooter.invokeProviderInSameClassLoader(ForkedBooter.java:203)
	at org.apache.maven.surefire.booter.ForkedBooter.runSuitesInProcess(ForkedBooter.java:155)
	at org.apache.maven.surefire.booter.ForkedBooter.main(ForkedBooter.java:103)
&amp#27;[0m
      &amp#27;[31morg.openqa.selenium.SessionNotCreatedException: session not created: This version of ChromeDriver only supports Chrome version 80
      Build info: version: '3.8.1', revision: '6e95a6684b', time: '2017-12-01T18:33:54.468Z'
      System info: host: 'LAPTOP-4JRKOLU9', ip: '192.168.0.103', os.name: 'Windows 10', os.arch: 'amd64', os.version: '10.0', java.version: '1.8.0_121'
      Driver info: driver.version: SeleniumDriver
      remote stacktrace: Backtrace:
      	Ordinal0 [0x00450C83+1707139]
      	Ordinal0 [0x003B68F1+1075441]
      	Ordinal0 [0x0032DFC9+516041]
      	Ordinal0 [0x002C0554+66900]
      	Ordinal0 [0x002BCCE2+52450]
      	Ordinal0 [0x002DBFD7+180183]
      	Ordinal0 [0x002DBDDD+179677]
      	Ordinal0 [0x002D9D4B+171339]
      	Ordinal0 [0x002C1D4A+73034]
      	Ordinal0 [0x002C2DC0+77248]
      	Ordinal0 [0x002C2D59+77145]
      	Ordinal0 [0x003CBB67+1162087]
      	GetHandleVerifier [0x004EA966+508998]
      	GetHandleVerifier [0x004EA6A4+508292]
      	GetHandleVerifier [0x004FF7B7+594583]
      	GetHandleVerifier [0x004EB1D6+511158]
      	Ordinal0 [0x003C402C+1130540]
      	Ordinal0 [0x003CD4CB+1168587]
      	Ordinal0 [0x003CD633+1168947]
      	Ordinal0 [0x003E5B35+1268533]
      	BaseThreadInitThunk [0x77356359+25]
      	RtlGetAppContainerNamedObjectPath [0x77AC7C24+228]
      	RtlGetAppContainerNamedObjectPath [0x77AC7BF4+180]
      
      	at sun.reflect.NativeConstructorAccessorImpl.newInstance0(Native Method)
      	at sun.reflect.NativeConstructorAccessorImpl.newInstance(NativeConstructorAccessorImpl.java:62)
      	at sun.reflect.DelegatingConstructorAccessorImpl.newInstance(DelegatingConstructorAccessorImpl.java:45)
      	at java.lang.reflect.Constructor.newInstance(Constructor.java:423)
      	at org.openqa.selenium.remote.W3CHandshakeResponse.lambda$new$0(W3CHandshakeResponse.java:57)
      	at org.openqa.selenium.remote.W3CHandshakeResponse.lambda$getResponseFunction$2(W3CHandshakeResponse.java:104)
      	at org.openqa.selenium.remote.ProtocolHandshake.lambda$createSession$0(ProtocolHandshake.java:123)
      	at java.util.stream.ReferencePipeline$3$1.accept(ReferencePipeline.java:193)
      	at java.util.Spliterators$ArraySpliterator.tryAdvance(Spliterators.java:958)
      	at java.util.stream.ReferencePipeline.forEachWithCancel(ReferencePipeline.java:126)
      	at java.util.stream.AbstractPipeline.copyIntoWithCancel(AbstractPipeline.java:498)
      	at java.util.stream.AbstractPipeline.copyInto(AbstractPipeline.java:485)
      	at java.util.stream.AbstractPipeline.wrapAndCopyInto(AbstractPipeline.java:471)
      	at java.util.stream.FindOps$FindOp.evaluateSequential(FindOps.java:152)
      	at java.util.stream.AbstractPipeline.evaluate(AbstractPipeline.java:234)
      	at java.util.stream.ReferencePipeline.findFirst(ReferencePipeline.java:464)
      	at org.openqa.selenium.remote.ProtocolHandshake.createSession(ProtocolHandshake.java:126)
      	at org.openqa.selenium.remote.ProtocolHandshake.createSession(ProtocolHandshake.java:73)
      	at org.openqa.selenium.remote.HttpCommandExecutor.execute(HttpCommandExecutor.java:142)
      	at org.openqa.selenium.remote.service.DriverCommandExecutor.execute(DriverCommandExecutor.java:83)
      	at org.openqa.selenium.remote.RemoteWebDriver.execute(RemoteWebDriver.java:601)
      	at org.openqa.selenium.remote.RemoteWebDriver.startSession(RemoteWebDriver.java:219)
      	at org.openqa.selenium.remote.RemoteWebDriver.<init>(RemoteWebDriver.java:142)
      	at org.openqa.selenium.chrome.ChromeDriver.<init>(ChromeDriver.java:181)
      	at org.openqa.selenium.chrome.ChromeDriver.<init>(ChromeDriver.java:168)
      	at org.openqa.selenium.chrome.ChromeDriver.<init>(ChromeDriver.java:123)
      	at utils.SeleniumDriver.<init>(SeleniumDriver.java:27)
      	at utils.SeleniumDriver.setUpDriver(SeleniumDriver.java:47)
      	at stepdefs.BeforeActions.setUp(BeforeActions.java:11)
      	at sun.reflect.NativeMethodAccessorImpl.invoke0(Native Method)
      	at sun.reflect.NativeMethodAccessorImpl.invoke(NativeMethodAccessorImpl.java:62)
      	at sun.reflect.DelegatingMethodAccessorImpl.invoke(DelegatingMethodAccessorImpl.java:43)
      	at java.lang.reflect.Method.invoke(Method.java:498)
      	at cucumber.runtime.Utils$1.call(Utils.java:37)
      	at cucumber.runtime.Timeout.timeout(Timeout.java:13)
      	at cucumber.runtime.Utils.invoke(Utils.java:31)
      	at cucumber.runtime.java.JavaHookDefinition.execute(JavaHookDefinition.java:60)
      	at cucumber.runtime.Runtime.runHookIfTagsMatch(Runtime.java:223)
      	at cucumber.runtime.Runtime.runHooks(Runtime.java:211)
      	at cucumber.runtime.Runtime.runBeforeHooks(Runtime.java:201)
      	at cucumber.runtime.model.CucumberScenario.run(CucumberScenario.java:40)
      	at cucumber.runtime.model.CucumberFeature.run(CucumberFeature.java:165)
      	at cucumber.api.testng.TestNGCucumberRunner.runCucumber(TestNGCucumberRunner.java:63)
      	at cucumber.api.testng.AbstractTestNGCucumberTests.feature(AbstractTestNGCucumberTests.java:21)
      	at sun.reflect.NativeMethodAccessorImpl.invoke0(Native Method)
      	at sun.reflect.NativeMethodAccessorImpl.invoke(NativeMethodAccessorImpl.java:62)
      	at sun.reflect.DelegatingMethodAccessorImpl.invoke(DelegatingMethodAccessorImpl.java:43)
      	at java.lang.reflect.Method.invoke(Method.java:498)
      	at org.testng.internal.MethodInvocationHelper.invokeMethod(MethodInvocationHelper.java:86)
      	at org.testng.internal.Invoker.invokeMethod(Invoker.java:643)
      	at org.testng.internal.Invoker.invokeTestMethod(Invoker.java:820)
      	at org.testng.internal.Invoker.invokeTestMethods(Invoker.java:1128)
      	at org.testng.internal.TestMethodWorker.invokeTestMethods(TestMethodWorker.java:129)
      	at org.testng.internal.TestMethodWorker.run(TestMethodWorker.java:112)
      	at org.testng.TestRunner.privateRun(TestRunner.java:782)
      	at org.testng.TestRunner.run(TestRunner.java:632)
      	at org.testng.SuiteRunner.runTest(SuiteRunner.java:366)
      	at org.testng.SuiteRunner.runSequentially(SuiteRunner.java:361)
      	at org.testng.SuiteRunner.privateRun(SuiteRunner.java:319)
      	at org.testng.SuiteRunner.run(SuiteRunner.java:268)
      	at org.testng.SuiteRunnerWorker.runSuite(SuiteRunnerWorker.java:52)
      	at org.testng.SuiteRunnerWorker.run(SuiteRunnerWorker.java:86)
      	at org.testng.TestNG.runSuitesSequentially(TestNG.java:1244)
      	at org.testng.TestNG.runSuitesLocally(TestNG.java:1169)
      	at org.testng.TestNG.run(TestNG.java:1064)
      	at org.apache.maven.surefire.testng.TestNGExecutor.run(TestNGExecutor.java:295)
      	at org.apache.maven.surefire.testng.TestNGXmlTestSuite.execute(TestNGXmlTestSuite.java:84)
      	at org.apache.maven.surefire.testng.TestNGProvider.invoke(TestNGProvider.java:90)
      	at org.apache.maven.surefire.booter.ForkedBooter.invokeProviderInSameClassLoader(ForkedBooter.java:203)
      	at org.apache.maven.surefire.booter.ForkedBooter.runSuitesInProcess(ForkedBooter.java:155)
      	at org.apache.maven.surefire.booter.ForkedBooter.main(ForkedBooter.java:103)
      &amp#27;[0m
true
&amp#27;[31mFailure in after hook:&amp#27;[0m&amp#27;[31mAfterActions.tearDown(Scenario)&amp#27;[0m
&amp#27;[31mMessage: &amp#27;[0m&amp#27;[31mjava.lang.NullPointerException
	at stepdefs.AfterActions.tearDown(AfterActions.java:22)
	at sun.reflect.NativeMethodAccessorImpl.invoke0(Native Method)
	at sun.reflect.NativeMethodAccessorImpl.invoke(NativeMethodAccessorImpl.java:62)
	at sun.reflect.DelegatingMethodAccessorImpl.invoke(DelegatingMethodAccessorImpl.java:43)
	at java.lang.reflect.Method.invoke(Method.java:498)
	at cucumber.runtime.Utils$1.call(Utils.java:37)
	at cucumber.runtime.Timeout.timeout(Timeout.java:13)
	at cucumber.runtime.Utils.invoke(Utils.java:31)
	at cucumber.runtime.java.JavaHookDefinition.execute(JavaHookDefinition.java:60)
	at cucumber.runtime.Runtime.runHookIfTagsMatch(Runtime.java:223)
	at cucumber.runtime.Runtime.runHooks(Runtime.java:211)
	at cucumber.runtime.Runtime.runAfterHooks(Runtime.java:205)
	at cucumber.runtime.model.CucumberScenario.run(CucumberScenario.java:46)
	at cucumber.runtime.model.CucumberFeature.run(CucumberFeature.java:165)
	at cucumber.api.testng.TestNGCucumberRunner.runCucumber(TestNGCucumberRunner.java:63)
	at cucumber.api.testng.AbstractTestNGCucumberTests.feature(AbstractTestNGCucumberTests.java:21)
	at sun.reflect.NativeMethodAccessorImpl.invoke0(Native Method)
	at sun.reflect.NativeMethodAccessorImpl.invoke(NativeMethodAccessorImpl.java:62)
	at sun.reflect.DelegatingMethodAccessorImpl.invoke(DelegatingMethodAccessorImpl.java:43)
	at java.lang.reflect.Method.invoke(Method.java:498)
	at org.testng.internal.MethodInvocationHelper.invokeMethod(MethodInvocationHelper.java:86)
	at org.testng.internal.Invoker.invokeMethod(Invoker.java:643)
	at org.testng.internal.Invoker.invokeTestMethod(Invoker.java:820)
	at org.testng.internal.Invoker.invokeTestMethods(Invoker.java:1128)
	at org.testng.internal.TestMethodWorker.invokeTestMethods(TestMethodWorker.java:129)
	at org.testng.internal.TestMethodWorker.run(TestMethodWorker.java:112)
	at org.testng.TestRunner.privateRun(TestRunner.java:782)
	at org.testng.TestRunner.run(TestRunner.java:632)
	at org.testng.SuiteRunner.runTest(SuiteRunner.java:366)
	at org.testng.SuiteRunner.runSequentially(SuiteRunner.java:361)
	at org.testng.SuiteRunner.privateRun(SuiteRunner.java:319)
	at org.testng.SuiteRunner.run(SuiteRunner.java:268)
	at org.testng.SuiteRunnerWorker.runSuite(SuiteRunnerWorker.java:52)
	at org.testng.SuiteRunnerWorker.run(SuiteRunnerWorker.java:86)
	at org.testng.TestNG.runSuitesSequentially(TestNG.java:1244)
	at org.testng.TestNG.runSuitesLocally(TestNG.java:1169)
	at org.testng.TestNG.run(TestNG.java:1064)
	at org.apache.maven.surefire.testng.TestNGExecutor.run(TestNGExecutor.java:295)
	at org.apache.maven.surefire.testng.TestNGXmlTestSuite.execute(TestNGXmlTestSuite.java:84)
	at org.apache.maven.surefire.testng.TestNGProvider.invoke(TestNGProvider.java:90)
	at org.apache.maven.surefire.booter.ForkedBooter.invokeProviderInSameClassLoader(ForkedBooter.java:203)
	at org.apache.maven.surefire.booter.ForkedBooter.runSuitesInProcess(ForkedBooter.java:155)
	at org.apache.maven.surefire.booter.ForkedBooter.main(ForkedBooter.java:103)
&amp#27;[0m
      &amp#27;[31mjava.lang.NullPointerException
      	at stepdefs.AfterActions.tearDown(AfterActions.java:22)
      	at sun.reflect.NativeMethodAccessorImpl.invoke0(Native Method)
      	at sun.reflect.NativeMethodAccessorImpl.invoke(NativeMethodAccessorImpl.java:62)
      	at sun.reflect.DelegatingMethodAccessorImpl.invoke(DelegatingMethodAccessorImpl.java:43)
      	at java.lang.reflect.Method.invoke(Method.java:498)
      	at cucumber.runtime.Utils$1.call(Utils.java:37)
      	at cucumber.runtime.Timeout.timeout(Timeout.java:13)
      	at cucumber.runtime.Utils.invoke(Utils.java:31)
      	at cucumber.runtime.java.JavaHookDefinition.execute(JavaHookDefinition.java:60)
      	at cucumber.runtime.Runtime.runHookIfTagsMatch(Runtime.java:223)
      	at cucumber.runtime.Runtime.runHooks(Runtime.java:211)
      	at cucumber.runtime.Runtime.runAfterHooks(Runtime.java:205)
      	at cucumber.runtime.model.CucumberScenario.run(CucumberScenario.java:46)
      	at cucumber.runtime.model.CucumberFeature.run(CucumberFeature.java:165)
      	at cucumber.api.testng.TestNGCucumberRunner.runCucumber(TestNGCucumberRunner.java:63)
      	at cucumber.api.testng.AbstractTestNGCucumberTests.feature(AbstractTestNGCucumberTests.java:21)
      	at sun.reflect.NativeMethodAccessorImpl.invoke0(Native Method)
      	at sun.reflect.NativeMethodAccessorImpl.invoke(NativeMethodAccessorImpl.java:62)
      	at sun.reflect.DelegatingMethodAccessorImpl.invoke(DelegatingMethodAccessorImpl.java:43)
      	at java.lang.reflect.Method.invoke(Method.java:498)
      	at org.testng.internal.MethodInvocationHelper.invokeMethod(MethodInvocationHelper.java:86)
      	at org.testng.internal.Invoker.invokeMethod(Invoker.java:643)
      	at org.testng.internal.Invoker.invokeTestMethod(Invoker.java:820)
      	at org.testng.internal.Invoker.invokeTestMethods(Invoker.java:1128)
      	at org.testng.internal.TestMethodWorker.invokeTestMethods(TestMethodWorker.java:129)
      	at org.testng.internal.TestMethodWorker.run(TestMethodWorker.java:112)
      	at org.testng.TestRunner.privateRun(TestRunner.java:782)
      	at org.testng.TestRunner.run(TestRunner.java:632)
      	at org.testng.SuiteRunner.runTest(SuiteRunner.java:366)
      	at org.testng.SuiteRunner.runSequentially(SuiteRunner.java:361)
      	at org.testng.SuiteRunner.privateRun(SuiteRunner.java:319)
      	at org.testng.SuiteRunner.run(SuiteRunner.java:268)
      	at org.testng.SuiteRunnerWorker.runSuite(SuiteRunnerWorker.java:52)
      	at org.testng.SuiteRunnerWorker.run(SuiteRunnerWorker.java:86)
      	at org.testng.TestNG.runSuitesSequentially(TestNG.java:1244)
      	at org.testng.TestNG.runSuitesLocally(TestNG.java:1169)
      	at org.testng.TestNG.run(TestNG.java:1064)
      	at org.apache.maven.surefire.testng.TestNGExecutor.run(TestNGExecutor.java:295)
      	at org.apache.maven.surefire.testng.TestNGXmlTestSuite.execute(TestNGXmlTestSuite.java:84)
      	at org.apache.maven.surefire.testng.TestNGProvider.invoke(TestNGProvider.java:90)
      	at org.apache.maven.surefire.booter.ForkedBooter.invokeProviderInSameClassLoader(ForkedBooter.java:203)
      	at org.apache.maven.surefire.booter.ForkedBooter.runSuitesInProcess(ForkedBooter.java:155)
      	at org.apache.maven.surefire.booter.ForkedBooter.main(ForkedBooter.java:103)
      &amp#27;[0m

  @Search-Cars-Positive
  Scenario: Validate Search Cars Page                                                &amp#27;[90m# SearchCars.feature:6&amp#27;[0m
    &amp#27;[36mGiven &amp#27;[0m&amp#27;[36mI am on the Home Page "&amp#27;[0m&amp#27;[36m&amp#27;[1mhttps://www.carsguide.com.au/&amp#27;[0m&amp#27;[36m" of CarsGuide Website&amp#27;[0m &amp#27;[90m# SearchCarsSteps.i_am_on_the_Home_Page_of_CarsGuide_Website(String)&amp#27;[0m
    &amp#27;[36mWhen &amp#27;[0m&amp#27;[36mI move to the menu&amp#27;[0m                                                          &amp#27;[90m# SearchCarsSteps.i_move_to_the_menu(String>)&amp#27;[0m
    &amp#27;[36mAnd &amp#27;[0m&amp#27;[36mclick on "&amp#27;[0m&amp#27;[36m&amp#27;[1mSearch Cars&amp#27;[0m&amp#27;[36m" link&amp#27;[0m                                                  &amp#27;[90m# SearchCarsSteps.click_on_link(String)&amp#27;[0m
    &amp#27;[36mAnd &amp#27;[0m&amp#27;[36mselect car make as "&amp#27;[0m&amp#27;[36m&amp#27;[1mBMW&amp#27;[0m&amp#27;[36m" from AnyMake dropdown&amp#27;[0m                               &amp#27;[90m# SearchCarsSteps.select_car_make_as_from_AnyMake_dropdown(String)&amp#27;[0m
    &amp#27;[36mAnd &amp#27;[0m&amp#27;[36mselect car model as "&amp#27;[0m&amp#27;[36m&amp#27;[1m1 Series&amp#27;[0m&amp#27;[36m" from AnyModel dropdown&amp#27;[0m                        &amp#27;[90m# SearchCarsSteps.select_car_model_as_from_AnyModel_dropdown(String)&amp#27;[0m
    &amp#27;[36mAnd &amp#27;[0m&amp#27;[36mselect location as "&amp#27;[0m&amp#27;[36m&amp#27;[1mACT - All&amp#27;[0m&amp#27;[36m" from AnyLocation dropdown&amp#27;[0m                     &amp#27;[90m# SearchCarsSteps.select_location_as_from_AnyLocation_dropdown(String)&amp#27;[0m
    &amp#27;[36mAnd &amp#27;[0m&amp#27;[36mselect Price as "&amp#27;[0m&amp#27;[36m&amp#27;[1m$10,000&amp#27;[0m&amp#27;[36m" from Price dropdown&amp#27;[0m                                &amp#27;[90m# SearchCarsSteps.select_Price_as_from_Price_dropdown(String)&amp#27;[0m
    &amp#27;[36mAnd &amp#27;[0m&amp#27;[36mclick on "&amp#27;[0m&amp#27;[36m&amp#27;[1mFind My Next Car&amp#27;[0m&amp#27;[36m" button&amp#27;[0m                                           &amp#27;[90m# SearchCarsSteps.click_on_button(String)&amp#27;[0m
    &amp#27;[36mThen &amp#27;[0m&amp#27;[36mI should see list of searched cars&amp#27;[0m                                          &amp#27;[90m# SearchCarsSteps.i_should_see_list_of_searched_cars()&amp#27;[0m
    &amp#27;[36mAnd &amp#27;[0m&amp#27;[36mthe page title should be "&amp#27;[0m&amp#27;[36m&amp#27;[1mBmw 1 Series Under 10000 for Sale ACT | carsguide&amp#27;[0m&amp#27;[36m"&amp#27;[0m &amp#27;[90m# SearchCarsSteps.the_page_title_should_be(String)&amp#27;[0m
]]></system-out>
    <system-err><![CDATA[Starting ChromeDriver 80.0.3987.106 (f68069574609230cf9b635cd784cfb1bf81bb53a-refs/branch-heads/3987@{#882}) on port 37041
Only local connections are allowed.
Please protect ports used by ChromeDriver and related test frameworks to prevent access by malicious code.
]]></system-err>
  </testcase>
  <testcase name="feature" classname="runner.RunCuke" time="1.368">
    <failure message="org.openqa.selenium.SessionNotCreatedException: session not created: This version of ChromeDriver only supports Chrome version 80&#10;Build info: version: &apos;3.8.1&apos;, revision: &apos;6e95a6684b&apos;, time: &apos;2017-12-01T18:33:54.468Z&apos;&#10;System info: host: &apos;LAPTOP-4JRKOLU9&apos;, ip: &apos;192.168.0.103&apos;, os.name: &apos;Windows 10&apos;, os.arch: &apos;amd64&apos;, os.version: &apos;10.0&apos;, java.version: &apos;1.8.0_121&apos;&#10;Driver info: driver.version: SeleniumDriver&#10;remote stacktrace: Backtrace:&#10;	Ordinal0 [0x00450C83+1707139]&#10;	Ordinal0 [0x003B68F1+1075441]&#10;	Ordinal0 [0x0032DFC9+516041]&#10;	Ordinal0 [0x002C0554+66900]&#10;	Ordinal0 [0x002BCCE2+52450]&#10;	Ordinal0 [0x002DBFD7+180183]&#10;	Ordinal0 [0x002DBDDD+179677]&#10;	Ordinal0 [0x002D9D4B+171339]&#10;	Ordinal0 [0x002C1D4A+73034]&#10;	Ordinal0 [0x002C2DC0+77248]&#10;	Ordinal0 [0x002C2D59+77145]&#10;	Ordinal0 [0x003CBB67+1162087]&#10;	GetHandleVerifier [0x004EA966+508998]&#10;	GetHandleVerifier [0x004EA6A4+508292]&#10;	GetHandleVerifier [0x004FF7B7+594583]&#10;	GetHandleVerifier [0x004EB1D6+511158]&#10;	Ordinal0 [0x003C402C+1130540]&#10;	Ordinal0 [0x003CD4CB+1168587]&#10;	Ordinal0 [0x003CD633+1168947]&#10;	Ordinal0 [0x003E5B35+1268533]&#10;	BaseThreadInitThunk [0x77356359+25]&#10;	RtlGetAppContainerNamedObjectPath [0x77AC7C24+228]&#10;	RtlGetAppContainerNamedObjectPath [0x77AC7BF4+180]&#10;" type="cucumber.runtime.CucumberException"><![CDATA[cucumber.runtime.CucumberException: org.openqa.selenium.SessionNotCreatedException: session not created: This version of ChromeDriver only supports Chrome version 80
Build info: version: '3.8.1', revision: '6e95a6684b', time: '2017-12-01T18:33:54.468Z'
System info: host: 'LAPTOP-4JRKOLU9', ip: '192.168.0.103', os.name: 'Windows 10', os.arch: 'amd64', os.version: '10.0', java.version: '1.8.0_121'
Driver info: driver.version: SeleniumDriver
remote stacktrace: Backtrace:
	Ordinal0 [0x00450C83+1707139]
	Ordinal0 [0x003B68F1+1075441]
	Ordinal0 [0x0032DFC9+516041]
	Ordinal0 [0x002C0554+66900]
	Ordinal0 [0x002BCCE2+52450]
	Ordinal0 [0x002DBFD7+180183]
	Ordinal0 [0x002DBDDD+179677]
	Ordinal0 [0x002D9D4B+171339]
	Ordinal0 [0x002C1D4A+73034]
	Ordinal0 [0x002C2DC0+77248]
	Ordinal0 [0x002C2D59+77145]
	Ordinal0 [0x003CBB67+1162087]
	GetHandleVerifier [0x004EA966+508998]
	GetHandleVerifier [0x004EA6A4+508292]
	GetHandleVerifier [0x004FF7B7+594583]
	GetHandleVerifier [0x004EB1D6+511158]
	Ordinal0 [0x003C402C+1130540]
	Ordinal0 [0x003CD4CB+1168587]
	Ordinal0 [0x003CD633+1168947]
	Ordinal0 [0x003E5B35+1268533]
	BaseThreadInitThunk [0x77356359+25]
	RtlGetAppContainerNamedObjectPath [0x77AC7C24+228]
	RtlGetAppContainerNamedObjectPath [0x77AC7BF4+180]

	at cucumber.api.testng.TestNGCucumberRunner.runCucumber(TestNGCucumberRunner.java:69)
	at cucumber.api.testng.AbstractTestNGCucumberTests.feature(AbstractTestNGCucumberTests.java:21)
	at sun.reflect.NativeMethodAccessorImpl.invoke0(Native Method)
	at sun.reflect.NativeMethodAccessorImpl.invoke(NativeMethodAccessorImpl.java:62)
	at sun.reflect.DelegatingMethodAccessorImpl.invoke(DelegatingMethodAccessorImpl.java:43)
	at java.lang.reflect.Method.invoke(Method.java:498)
	at org.testng.internal.MethodInvocationHelper.invokeMethod(MethodInvocationHelper.java:86)
	at org.testng.internal.Invoker.invokeMethod(Invoker.java:643)
	at org.testng.internal.Invoker.invokeTestMethod(Invoker.java:820)
	at org.testng.internal.Invoker.invokeTestMethods(Invoker.java:1128)
	at org.testng.internal.TestMethodWorker.invokeTestMethods(TestMethodWorker.java:129)
	at org.testng.internal.TestMethodWorker.run(TestMethodWorker.java:112)
	at org.testng.TestRunner.privateRun(TestRunner.java:782)
	at org.testng.TestRunner.run(TestRunner.java:632)
	at org.testng.SuiteRunner.runTest(SuiteRunner.java:366)
	at org.testng.SuiteRunner.runSequentially(SuiteRunner.java:361)
	at org.testng.SuiteRunner.privateRun(SuiteRunner.java:319)
	at org.testng.SuiteRunner.run(SuiteRunner.java:268)
	at org.testng.SuiteRunnerWorker.runSuite(SuiteRunnerWorker.java:52)
	at org.testng.SuiteRunnerWorker.run(SuiteRunnerWorker.java:86)
	at org.testng.TestNG.runSuitesSequentially(TestNG.java:1244)
	at org.testng.TestNG.runSuitesLocally(TestNG.java:1169)
	at org.testng.TestNG.run(TestNG.java:1064)
	at org.apache.maven.surefire.testng.TestNGExecutor.run(TestNGExecutor.java:295)
	at org.apache.maven.surefire.testng.TestNGXmlTestSuite.execute(TestNGXmlTestSuite.java:84)
	at org.apache.maven.surefire.testng.TestNGProvider.invoke(TestNGProvider.java:90)
	at org.apache.maven.surefire.booter.ForkedBooter.invokeProviderInSameClassLoader(ForkedBooter.java:203)
	at org.apache.maven.surefire.booter.ForkedBooter.runSuitesInProcess(ForkedBooter.java:155)
	at org.apache.maven.surefire.booter.ForkedBooter.main(ForkedBooter.java:103)
Caused by: org.openqa.selenium.SessionNotCreatedException: session not created: This version of ChromeDriver only supports Chrome version 80
Build info: version: '3.8.1', revision: '6e95a6684b', time: '2017-12-01T18:33:54.468Z'
System info: host: 'LAPTOP-4JRKOLU9', ip: '192.168.0.103', os.name: 'Windows 10', os.arch: 'amd64', os.version: '10.0', java.version: '1.8.0_121'
Driver info: driver.version: SeleniumDriver
remote stacktrace: Backtrace:
	Ordinal0 [0x00450C83+1707139]
	Ordinal0 [0x003B68F1+1075441]
	Ordinal0 [0x0032DFC9+516041]
	Ordinal0 [0x002C0554+66900]
	Ordinal0 [0x002BCCE2+52450]
	Ordinal0 [0x002DBFD7+180183]
	Ordinal0 [0x002DBDDD+179677]
	Ordinal0 [0x002D9D4B+171339]
	Ordinal0 [0x002C1D4A+73034]
	Ordinal0 [0x002C2DC0+77248]
	Ordinal0 [0x002C2D59+77145]
	Ordinal0 [0x003CBB67+1162087]
	GetHandleVerifier [0x004EA966+508998]
	GetHandleVerifier [0x004EA6A4+508292]
	GetHandleVerifier [0x004FF7B7+594583]
	GetHandleVerifier [0x004EB1D6+511158]
	Ordinal0 [0x003C402C+1130540]
	Ordinal0 [0x003CD4CB+1168587]
	Ordinal0 [0x003CD633+1168947]
	Ordinal0 [0x003E5B35+1268533]
	BaseThreadInitThunk [0x77356359+25]
	RtlGetAppContainerNamedObjectPath [0x77AC7C24+228]
	RtlGetAppContainerNamedObjectPath [0x77AC7BF4+180]

	at sun.reflect.NativeConstructorAccessorImpl.newInstance0(Native Method)
	at sun.reflect.NativeConstructorAccessorImpl.newInstance(NativeConstructorAccessorImpl.java:62)
	at sun.reflect.DelegatingConstructorAccessorImpl.newInstance(DelegatingConstructorAccessorImpl.java:45)
	at java.lang.reflect.Constructor.newInstance(Constructor.java:423)
	at org.openqa.selenium.remote.W3CHandshakeResponse.lambda$new$0(W3CHandshakeResponse.java:57)
	at org.openqa.selenium.remote.W3CHandshakeResponse.lambda$getResponseFunction$2(W3CHandshakeResponse.java:104)
	at org.openqa.selenium.remote.ProtocolHandshake.lambda$createSession$0(ProtocolHandshake.java:123)
	at java.util.stream.ReferencePipeline$3$1.accept(ReferencePipeline.java:193)
	at java.util.Spliterators$ArraySpliterator.tryAdvance(Spliterators.java:958)
	at java.util.stream.ReferencePipeline.forEachWithCancel(ReferencePipeline.java:126)
	at java.util.stream.AbstractPipeline.copyIntoWithCancel(AbstractPipeline.java:498)
	at java.util.stream.AbstractPipeline.copyInto(AbstractPipeline.java:485)
	at java.util.stream.AbstractPipeline.wrapAndCopyInto(AbstractPipeline.java:471)
	at java.util.stream.FindOps$FindOp.evaluateSequential(FindOps.java:152)
	at java.util.stream.AbstractPipeline.evaluate(AbstractPipeline.java:234)
	at java.util.stream.ReferencePipeline.findFirst(ReferencePipeline.java:464)
	at org.openqa.selenium.remote.ProtocolHandshake.createSession(ProtocolHandshake.java:126)
	at org.openqa.selenium.remote.ProtocolHandshake.createSession(ProtocolHandshake.java:73)
	at org.openqa.selenium.remote.HttpCommandExecutor.execute(HttpCommandExecutor.java:142)
	at org.openqa.selenium.remote.service.DriverCommandExecutor.execute(DriverCommandExecutor.java:83)
	at org.openqa.selenium.remote.RemoteWebDriver.execute(RemoteWebDriver.java:601)
	at org.openqa.selenium.remote.RemoteWebDriver.startSession(RemoteWebDriver.java:219)
	at org.openqa.selenium.remote.RemoteWebDriver.<init>(RemoteWebDriver.java:142)
	at org.openqa.selenium.chrome.ChromeDriver.<init>(ChromeDriver.java:181)
	at org.openqa.selenium.chrome.ChromeDriver.<init>(ChromeDriver.java:168)
	at org.openqa.selenium.chrome.ChromeDriver.<init>(ChromeDriver.java:123)
	at utils.SeleniumDriver.<init>(SeleniumDriver.java:27)
	at utils.SeleniumDriver.setUpDriver(SeleniumDriver.java:47)
	at stepdefs.BeforeActions.setUp(BeforeActions.java:11)
	at sun.reflect.NativeMethodAccessorImpl.invoke0(Native Method)
	at sun.reflect.NativeMethodAccessorImpl.invoke(NativeMethodAccessorImpl.java:62)
	at sun.reflect.DelegatingMethodAccessorImpl.invoke(DelegatingMethodAccessorImpl.java:43)
	at java.lang.reflect.Method.invoke(Method.java:498)
	at cucumber.runtime.Utils$1.call(Utils.java:37)
	at cucumber.runtime.Timeout.timeout(Timeout.java:13)
	at cucumber.runtime.Utils.invoke(Utils.java:31)
	at cucumber.runtime.java.JavaHookDefinition.execute(JavaHookDefinition.java:60)
	at cucumber.runtime.Runtime.runHookIfTagsMatch(Runtime.java:223)
	at cucumber.runtime.Runtime.runHooks(Runtime.java:211)
	at cucumber.runtime.Runtime.runBeforeHooks(Runtime.java:201)
	at cucumber.runtime.model.CucumberScenario.run(CucumberScenario.java:40)
	at cucumber.runtime.model.CucumberFeature.run(CucumberFeature.java:165)
	at cucumber.api.testng.TestNGCucumberRunner.runCucumber(TestNGCucumberRunner.java:63)
	at cucumber.api.testng.AbstractTestNGCucumberTests.feature(AbstractTestNGCucumberTests.java:21)
	at sun.reflect.NativeMethodAccessorImpl.invoke0(Native Method)
	at sun.reflect.NativeMethodAccessorImpl.invoke(NativeMethodAccessorImpl.java:62)
	at sun.reflect.DelegatingMethodAccessorImpl.invoke(DelegatingMethodAccessorImpl.java:43)
	at java.lang.reflect.Method.invoke(Method.java:498)
	at org.testng.internal.MethodInvocationHelper.invokeMethod(MethodInvocationHelper.java:86)
	at org.testng.internal.Invoker.invokeMethod(Invoker.java:643)
	at org.testng.internal.Invoker.invokeTestMethod(Invoker.java:820)
	at org.testng.internal.Invoker.invokeTestMethods(Invoker.java:1128)
	at org.testng.internal.TestMethodWorker.invokeTestMethods(TestMethodWorker.java:129)
	at org.testng.internal.TestMethodWorker.run(TestMethodWorker.java:112)
	at org.testng.TestRunner.privateRun(TestRunner.java:782)
	at org.testng.TestRunner.run(TestRunner.java:632)
	at org.testng.SuiteRunner.runTest(SuiteRunner.java:366)
	at org.testng.SuiteRunner.runSequentially(SuiteRunner.java:361)
	at org.testng.SuiteRunner.privateRun(SuiteRunner.java:319)
	at org.testng.SuiteRunner.run(SuiteRunner.java:268)
	at org.testng.SuiteRunnerWorker.runSuite(SuiteRunnerWorker.java:52)
	at org.testng.SuiteRunnerWorker.run(SuiteRunnerWorker.java:86)
	at org.testng.TestNG.runSuitesSequentially(TestNG.java:1244)
	at org.testng.TestNG.runSuitesLocally(TestNG.java:1169)
	at org.testng.TestNG.run(TestNG.java:1064)
	at org.apache.maven.surefire.testng.TestNGExecutor.run(TestNGExecutor.java:295)
	at org.apache.maven.surefire.testng.TestNGXmlTestSuite.execute(TestNGXmlTestSuite.java:84)
	at org.apache.maven.surefire.testng.TestNGProvider.invoke(TestNGProvider.java:90)
	at org.apache.maven.surefire.booter.ForkedBooter.invokeProviderInSameClassLoader(ForkedBooter.java:203)
	at org.apache.maven.surefire.booter.ForkedBooter.runSuitesInProcess(ForkedBooter.java:155)
	at org.apache.maven.surefire.booter.ForkedBooter.main(ForkedBooter.java:103)
]]></failure>
    <system-out><![CDATA[@Used-Search-Cars
Feature: Acceptance testing to validate Used Search cars page is working fine.
  In order to validate that the Used search cars page is working fine, we will do the acceptance testing
&amp#27;[31mFailure in before hook:&amp#27;[0m&amp#27;[31mBeforeActions.setUp()&amp#27;[0m
&amp#27;[31mMessage: &amp#27;[0m&amp#27;[31morg.openqa.selenium.SessionNotCreatedException: session not created: This version of ChromeDriver only supports Chrome version 80
Build info: version: '3.8.1', revision: '6e95a6684b', time: '2017-12-01T18:33:54.468Z'
System info: host: 'LAPTOP-4JRKOLU9', ip: '192.168.0.103', os.name: 'Windows 10', os.arch: 'amd64', os.version: '10.0', java.version: '1.8.0_121'
Driver info: driver.version: SeleniumDriver
remote stacktrace: Backtrace:
	Ordinal0 [0x00450C83+1707139]
	Ordinal0 [0x003B68F1+1075441]
	Ordinal0 [0x0032DFC9+516041]
	Ordinal0 [0x002C0554+66900]
	Ordinal0 [0x002BCCE2+52450]
	Ordinal0 [0x002DBFD7+180183]
	Ordinal0 [0x002DBDDD+179677]
	Ordinal0 [0x002D9D4B+171339]
	Ordinal0 [0x002C1D4A+73034]
	Ordinal0 [0x002C2DC0+77248]
	Ordinal0 [0x002C2D59+77145]
	Ordinal0 [0x003CBB67+1162087]
	GetHandleVerifier [0x004EA966+508998]
	GetHandleVerifier [0x004EA6A4+508292]
	GetHandleVerifier [0x004FF7B7+594583]
	GetHandleVerifier [0x004EB1D6+511158]
	Ordinal0 [0x003C402C+1130540]
	Ordinal0 [0x003CD4CB+1168587]
	Ordinal0 [0x003CD633+1168947]
	Ordinal0 [0x003E5B35+1268533]
	BaseThreadInitThunk [0x77356359+25]
	RtlGetAppContainerNamedObjectPath [0x77AC7C24+228]
	RtlGetAppContainerNamedObjectPath [0x77AC7BF4+180]

	at sun.reflect.NativeConstructorAccessorImpl.newInstance0(Native Method)
	at sun.reflect.NativeConstructorAccessorImpl.newInstance(NativeConstructorAccessorImpl.java:62)
	at sun.reflect.DelegatingConstructorAccessorImpl.newInstance(DelegatingConstructorAccessorImpl.java:45)
	at java.lang.reflect.Constructor.newInstance(Constructor.java:423)
	at org.openqa.selenium.remote.W3CHandshakeResponse.lambda$new$0(W3CHandshakeResponse.java:57)
	at org.openqa.selenium.remote.W3CHandshakeResponse.lambda$getResponseFunction$2(W3CHandshakeResponse.java:104)
	at org.openqa.selenium.remote.ProtocolHandshake.lambda$createSession$0(ProtocolHandshake.java:123)
	at java.util.stream.ReferencePipeline$3$1.accept(ReferencePipeline.java:193)
	at java.util.Spliterators$ArraySpliterator.tryAdvance(Spliterators.java:958)
	at java.util.stream.ReferencePipeline.forEachWithCancel(ReferencePipeline.java:126)
	at java.util.stream.AbstractPipeline.copyIntoWithCancel(AbstractPipeline.java:498)
	at java.util.stream.AbstractPipeline.copyInto(AbstractPipeline.java:485)
	at java.util.stream.AbstractPipeline.wrapAndCopyInto(AbstractPipeline.java:471)
	at java.util.stream.FindOps$FindOp.evaluateSequential(FindOps.java:152)
	at java.util.stream.AbstractPipeline.evaluate(AbstractPipeline.java:234)
	at java.util.stream.ReferencePipeline.findFirst(ReferencePipeline.java:464)
	at org.openqa.selenium.remote.ProtocolHandshake.createSession(ProtocolHandshake.java:126)
	at org.openqa.selenium.remote.ProtocolHandshake.createSession(ProtocolHandshake.java:73)
	at org.openqa.selenium.remote.HttpCommandExecutor.execute(HttpCommandExecutor.java:142)
	at org.openqa.selenium.remote.service.DriverCommandExecutor.execute(DriverCommandExecutor.java:83)
	at org.openqa.selenium.remote.RemoteWebDriver.execute(RemoteWebDriver.java:601)
	at org.openqa.selenium.remote.RemoteWebDriver.startSession(RemoteWebDriver.java:219)
	at org.openqa.selenium.remote.RemoteWebDriver.<init>(RemoteWebDriver.java:142)
	at org.openqa.selenium.chrome.ChromeDriver.<init>(ChromeDriver.java:181)
	at org.openqa.selenium.chrome.ChromeDriver.<init>(ChromeDriver.java:168)
	at org.openqa.selenium.chrome.ChromeDriver.<init>(ChromeDriver.java:123)
	at utils.SeleniumDriver.<init>(SeleniumDriver.java:27)
	at utils.SeleniumDriver.setUpDriver(SeleniumDriver.java:47)
	at stepdefs.BeforeActions.setUp(BeforeActions.java:11)
	at sun.reflect.NativeMethodAccessorImpl.invoke0(Native Method)
	at sun.reflect.NativeMethodAccessorImpl.invoke(NativeMethodAccessorImpl.java:62)
	at sun.reflect.DelegatingMethodAccessorImpl.invoke(DelegatingMethodAccessorImpl.java:43)
	at java.lang.reflect.Method.invoke(Method.java:498)
	at cucumber.runtime.Utils$1.call(Utils.java:37)
	at cucumber.runtime.Timeout.timeout(Timeout.java:13)
	at cucumber.runtime.Utils.invoke(Utils.java:31)
	at cucumber.runtime.java.JavaHookDefinition.execute(JavaHookDefinition.java:60)
	at cucumber.runtime.Runtime.runHookIfTagsMatch(Runtime.java:223)
	at cucumber.runtime.Runtime.runHooks(Runtime.java:211)
	at cucumber.runtime.Runtime.runBeforeHooks(Runtime.java:201)
	at cucumber.runtime.model.CucumberScenario.run(CucumberScenario.java:40)
	at cucumber.runtime.model.CucumberFeature.run(CucumberFeature.java:165)
	at cucumber.api.testng.TestNGCucumberRunner.runCucumber(TestNGCucumberRunner.java:63)
	at cucumber.api.testng.AbstractTestNGCucumberTests.feature(AbstractTestNGCucumberTests.java:21)
	at sun.reflect.NativeMethodAccessorImpl.invoke0(Native Method)
	at sun.reflect.NativeMethodAccessorImpl.invoke(NativeMethodAccessorImpl.java:62)
	at sun.reflect.DelegatingMethodAccessorImpl.invoke(DelegatingMethodAccessorImpl.java:43)
	at java.lang.reflect.Method.invoke(Method.java:498)
	at org.testng.internal.MethodInvocationHelper.invokeMethod(MethodInvocationHelper.java:86)
	at org.testng.internal.Invoker.invokeMethod(Invoker.java:643)
	at org.testng.internal.Invoker.invokeTestMethod(Invoker.java:820)
	at org.testng.internal.Invoker.invokeTestMethods(Invoker.java:1128)
	at org.testng.internal.TestMethodWorker.invokeTestMethods(TestMethodWorker.java:129)
	at org.testng.internal.TestMethodWorker.run(TestMethodWorker.java:112)
	at org.testng.TestRunner.privateRun(TestRunner.java:782)
	at org.testng.TestRunner.run(TestRunner.java:632)
	at org.testng.SuiteRunner.runTest(SuiteRunner.java:366)
	at org.testng.SuiteRunner.runSequentially(SuiteRunner.java:361)
	at org.testng.SuiteRunner.privateRun(SuiteRunner.java:319)
	at org.testng.SuiteRunner.run(SuiteRunner.java:268)
	at org.testng.SuiteRunnerWorker.runSuite(SuiteRunnerWorker.java:52)
	at org.testng.SuiteRunnerWorker.run(SuiteRunnerWorker.java:86)
	at org.testng.TestNG.runSuitesSequentially(TestNG.java:1244)
	at org.testng.TestNG.runSuitesLocally(TestNG.java:1169)
	at org.testng.TestNG.run(TestNG.java:1064)
	at org.apache.maven.surefire.testng.TestNGExecutor.run(TestNGExecutor.java:295)
	at org.apache.maven.surefire.testng.TestNGXmlTestSuite.execute(TestNGXmlTestSuite.java:84)
	at org.apache.maven.surefire.testng.TestNGProvider.invoke(TestNGProvider.java:90)
	at org.apache.maven.surefire.booter.ForkedBooter.invokeProviderInSameClassLoader(ForkedBooter.java:203)
	at org.apache.maven.surefire.booter.ForkedBooter.runSuitesInProcess(ForkedBooter.java:155)
	at org.apache.maven.surefire.booter.ForkedBooter.main(ForkedBooter.java:103)
&amp#27;[0m
      &amp#27;[31morg.openqa.selenium.SessionNotCreatedException: session not created: This version of ChromeDriver only supports Chrome version 80
      Build info: version: '3.8.1', revision: '6e95a6684b', time: '2017-12-01T18:33:54.468Z'
      System info: host: 'LAPTOP-4JRKOLU9', ip: '192.168.0.103', os.name: 'Windows 10', os.arch: 'amd64', os.version: '10.0', java.version: '1.8.0_121'
      Driver info: driver.version: SeleniumDriver
      remote stacktrace: Backtrace:
      	Ordinal0 [0x00450C83+1707139]
      	Ordinal0 [0x003B68F1+1075441]
      	Ordinal0 [0x0032DFC9+516041]
      	Ordinal0 [0x002C0554+66900]
      	Ordinal0 [0x002BCCE2+52450]
      	Ordinal0 [0x002DBFD7+180183]
      	Ordinal0 [0x002DBDDD+179677]
      	Ordinal0 [0x002D9D4B+171339]
      	Ordinal0 [0x002C1D4A+73034]
      	Ordinal0 [0x002C2DC0+77248]
      	Ordinal0 [0x002C2D59+77145]
      	Ordinal0 [0x003CBB67+1162087]
      	GetHandleVerifier [0x004EA966+508998]
      	GetHandleVerifier [0x004EA6A4+508292]
      	GetHandleVerifier [0x004FF7B7+594583]
      	GetHandleVerifier [0x004EB1D6+511158]
      	Ordinal0 [0x003C402C+1130540]
      	Ordinal0 [0x003CD4CB+1168587]
      	Ordinal0 [0x003CD633+1168947]
      	Ordinal0 [0x003E5B35+1268533]
      	BaseThreadInitThunk [0x77356359+25]
      	RtlGetAppContainerNamedObjectPath [0x77AC7C24+228]
      	RtlGetAppContainerNamedObjectPath [0x77AC7BF4+180]
      
      	at sun.reflect.NativeConstructorAccessorImpl.newInstance0(Native Method)
      	at sun.reflect.NativeConstructorAccessorImpl.newInstance(NativeConstructorAccessorImpl.java:62)
      	at sun.reflect.DelegatingConstructorAccessorImpl.newInstance(DelegatingConstructorAccessorImpl.java:45)
      	at java.lang.reflect.Constructor.newInstance(Constructor.java:423)
      	at org.openqa.selenium.remote.W3CHandshakeResponse.lambda$new$0(W3CHandshakeResponse.java:57)
      	at org.openqa.selenium.remote.W3CHandshakeResponse.lambda$getResponseFunction$2(W3CHandshakeResponse.java:104)
      	at org.openqa.selenium.remote.ProtocolHandshake.lambda$createSession$0(ProtocolHandshake.java:123)
      	at java.util.stream.ReferencePipeline$3$1.accept(ReferencePipeline.java:193)
      	at java.util.Spliterators$ArraySpliterator.tryAdvance(Spliterators.java:958)
      	at java.util.stream.ReferencePipeline.forEachWithCancel(ReferencePipeline.java:126)
      	at java.util.stream.AbstractPipeline.copyIntoWithCancel(AbstractPipeline.java:498)
      	at java.util.stream.AbstractPipeline.copyInto(AbstractPipeline.java:485)
      	at java.util.stream.AbstractPipeline.wrapAndCopyInto(AbstractPipeline.java:471)
      	at java.util.stream.FindOps$FindOp.evaluateSequential(FindOps.java:152)
      	at java.util.stream.AbstractPipeline.evaluate(AbstractPipeline.java:234)
      	at java.util.stream.ReferencePipeline.findFirst(ReferencePipeline.java:464)
      	at org.openqa.selenium.remote.ProtocolHandshake.createSession(ProtocolHandshake.java:126)
      	at org.openqa.selenium.remote.ProtocolHandshake.createSession(ProtocolHandshake.java:73)
      	at org.openqa.selenium.remote.HttpCommandExecutor.execute(HttpCommandExecutor.java:142)
      	at org.openqa.selenium.remote.service.DriverCommandExecutor.execute(DriverCommandExecutor.java:83)
      	at org.openqa.selenium.remote.RemoteWebDriver.execute(RemoteWebDriver.java:601)
      	at org.openqa.selenium.remote.RemoteWebDriver.startSession(RemoteWebDriver.java:219)
      	at org.openqa.selenium.remote.RemoteWebDriver.<init>(RemoteWebDriver.java:142)
      	at org.openqa.selenium.chrome.ChromeDriver.<init>(ChromeDriver.java:181)
      	at org.openqa.selenium.chrome.ChromeDriver.<init>(ChromeDriver.java:168)
      	at org.openqa.selenium.chrome.ChromeDriver.<init>(ChromeDriver.java:123)
      	at utils.SeleniumDriver.<init>(SeleniumDriver.java:27)
      	at utils.SeleniumDriver.setUpDriver(SeleniumDriver.java:47)
      	at stepdefs.BeforeActions.setUp(BeforeActions.java:11)
      	at sun.reflect.NativeMethodAccessorImpl.invoke0(Native Method)
      	at sun.reflect.NativeMethodAccessorImpl.invoke(NativeMethodAccessorImpl.java:62)
      	at sun.reflect.DelegatingMethodAccessorImpl.invoke(DelegatingMethodAccessorImpl.java:43)
      	at java.lang.reflect.Method.invoke(Method.java:498)
      	at cucumber.runtime.Utils$1.call(Utils.java:37)
      	at cucumber.runtime.Timeout.timeout(Timeout.java:13)
      	at cucumber.runtime.Utils.invoke(Utils.java:31)
      	at cucumber.runtime.java.JavaHookDefinition.execute(JavaHookDefinition.java:60)
      	at cucumber.runtime.Runtime.runHookIfTagsMatch(Runtime.java:223)
      	at cucumber.runtime.Runtime.runHooks(Runtime.java:211)
      	at cucumber.runtime.Runtime.runBeforeHooks(Runtime.java:201)
      	at cucumber.runtime.model.CucumberScenario.run(CucumberScenario.java:40)
      	at cucumber.runtime.model.CucumberFeature.run(CucumberFeature.java:165)
      	at cucumber.api.testng.TestNGCucumberRunner.runCucumber(TestNGCucumberRunner.java:63)
      	at cucumber.api.testng.AbstractTestNGCucumberTests.feature(AbstractTestNGCucumberTests.java:21)
      	at sun.reflect.NativeMethodAccessorImpl.invoke0(Native Method)
      	at sun.reflect.NativeMethodAccessorImpl.invoke(NativeMethodAccessorImpl.java:62)
      	at sun.reflect.DelegatingMethodAccessorImpl.invoke(DelegatingMethodAccessorImpl.java:43)
      	at java.lang.reflect.Method.invoke(Method.java:498)
      	at org.testng.internal.MethodInvocationHelper.invokeMethod(MethodInvocationHelper.java:86)
      	at org.testng.internal.Invoker.invokeMethod(Invoker.java:643)
      	at org.testng.internal.Invoker.invokeTestMethod(Invoker.java:820)
      	at org.testng.internal.Invoker.invokeTestMethods(Invoker.java:1128)
      	at org.testng.internal.TestMethodWorker.invokeTestMethods(TestMethodWorker.java:129)
      	at org.testng.internal.TestMethodWorker.run(TestMethodWorker.java:112)
      	at org.testng.TestRunner.privateRun(TestRunner.java:782)
      	at org.testng.TestRunner.run(TestRunner.java:632)
      	at org.testng.SuiteRunner.runTest(SuiteRunner.java:366)
      	at org.testng.SuiteRunner.runSequentially(SuiteRunner.java:361)
      	at org.testng.SuiteRunner.privateRun(SuiteRunner.java:319)
      	at org.testng.SuiteRunner.run(SuiteRunner.java:268)
      	at org.testng.SuiteRunnerWorker.runSuite(SuiteRunnerWorker.java:52)
      	at org.testng.SuiteRunnerWorker.run(SuiteRunnerWorker.java:86)
      	at org.testng.TestNG.runSuitesSequentially(TestNG.java:1244)
      	at org.testng.TestNG.runSuitesLocally(TestNG.java:1169)
      	at org.testng.TestNG.run(TestNG.java:1064)
      	at org.apache.maven.surefire.testng.TestNGExecutor.run(TestNGExecutor.java:295)
      	at org.apache.maven.surefire.testng.TestNGXmlTestSuite.execute(TestNGXmlTestSuite.java:84)
      	at org.apache.maven.surefire.testng.TestNGProvider.invoke(TestNGProvider.java:90)
      	at org.apache.maven.surefire.booter.ForkedBooter.invokeProviderInSameClassLoader(ForkedBooter.java:203)
      	at org.apache.maven.surefire.booter.ForkedBooter.runSuitesInProcess(ForkedBooter.java:155)
      	at org.apache.maven.surefire.booter.ForkedBooter.main(ForkedBooter.java:103)
      &amp#27;[0m
true
&amp#27;[31mFailure in after hook:&amp#27;[0m&amp#27;[31mAfterActions.tearDown(Scenario)&amp#27;[0m
&amp#27;[31mMessage: &amp#27;[0m&amp#27;[31mjava.lang.NullPointerException
	at stepdefs.AfterActions.tearDown(AfterActions.java:22)
	at sun.reflect.NativeMethodAccessorImpl.invoke0(Native Method)
	at sun.reflect.NativeMethodAccessorImpl.invoke(NativeMethodAccessorImpl.java:62)
	at sun.reflect.DelegatingMethodAccessorImpl.invoke(DelegatingMethodAccessorImpl.java:43)
	at java.lang.reflect.Method.invoke(Method.java:498)
	at cucumber.runtime.Utils$1.call(Utils.java:37)
	at cucumber.runtime.Timeout.timeout(Timeout.java:13)
	at cucumber.runtime.Utils.invoke(Utils.java:31)
	at cucumber.runtime.java.JavaHookDefinition.execute(JavaHookDefinition.java:60)
	at cucumber.runtime.Runtime.runHookIfTagsMatch(Runtime.java:223)
	at cucumber.runtime.Runtime.runHooks(Runtime.java:211)
	at cucumber.runtime.Runtime.runAfterHooks(Runtime.java:205)
	at cucumber.runtime.model.CucumberScenario.run(CucumberScenario.java:46)
	at cucumber.runtime.model.CucumberFeature.run(CucumberFeature.java:165)
	at cucumber.api.testng.TestNGCucumberRunner.runCucumber(TestNGCucumberRunner.java:63)
	at cucumber.api.testng.AbstractTestNGCucumberTests.feature(AbstractTestNGCucumberTests.java:21)
	at sun.reflect.NativeMethodAccessorImpl.invoke0(Native Method)
	at sun.reflect.NativeMethodAccessorImpl.invoke(NativeMethodAccessorImpl.java:62)
	at sun.reflect.DelegatingMethodAccessorImpl.invoke(DelegatingMethodAccessorImpl.java:43)
	at java.lang.reflect.Method.invoke(Method.java:498)
	at org.testng.internal.MethodInvocationHelper.invokeMethod(MethodInvocationHelper.java:86)
	at org.testng.internal.Invoker.invokeMethod(Invoker.java:643)
	at org.testng.internal.Invoker.invokeTestMethod(Invoker.java:820)
	at org.testng.internal.Invoker.invokeTestMethods(Invoker.java:1128)
	at org.testng.internal.TestMethodWorker.invokeTestMethods(TestMethodWorker.java:129)
	at org.testng.internal.TestMethodWorker.run(TestMethodWorker.java:112)
	at org.testng.TestRunner.privateRun(TestRunner.java:782)
	at org.testng.TestRunner.run(TestRunner.java:632)
	at org.testng.SuiteRunner.runTest(SuiteRunner.java:366)
	at org.testng.SuiteRunner.runSequentially(SuiteRunner.java:361)
	at org.testng.SuiteRunner.privateRun(SuiteRunner.java:319)
	at org.testng.SuiteRunner.run(SuiteRunner.java:268)
	at org.testng.SuiteRunnerWorker.runSuite(SuiteRunnerWorker.java:52)
	at org.testng.SuiteRunnerWorker.run(SuiteRunnerWorker.java:86)
	at org.testng.TestNG.runSuitesSequentially(TestNG.java:1244)
	at org.testng.TestNG.runSuitesLocally(TestNG.java:1169)
	at org.testng.TestNG.run(TestNG.java:1064)
	at org.apache.maven.surefire.testng.TestNGExecutor.run(TestNGExecutor.java:295)
	at org.apache.maven.surefire.testng.TestNGXmlTestSuite.execute(TestNGXmlTestSuite.java:84)
	at org.apache.maven.surefire.testng.TestNGProvider.invoke(TestNGProvider.java:90)
	at org.apache.maven.surefire.booter.ForkedBooter.invokeProviderInSameClassLoader(ForkedBooter.java:203)
	at org.apache.maven.surefire.booter.ForkedBooter.runSuitesInProcess(ForkedBooter.java:155)
	at org.apache.maven.surefire.booter.ForkedBooter.main(ForkedBooter.java:103)
&amp#27;[0m
      &amp#27;[31mjava.lang.NullPointerException
      	at stepdefs.AfterActions.tearDown(AfterActions.java:22)
      	at sun.reflect.NativeMethodAccessorImpl.invoke0(Native Method)
      	at sun.reflect.NativeMethodAccessorImpl.invoke(NativeMethodAccessorImpl.java:62)
      	at sun.reflect.DelegatingMethodAccessorImpl.invoke(DelegatingMethodAccessorImpl.java:43)
      	at java.lang.reflect.Method.invoke(Method.java:498)
      	at cucumber.runtime.Utils$1.call(Utils.java:37)
      	at cucumber.runtime.Timeout.timeout(Timeout.java:13)
      	at cucumber.runtime.Utils.invoke(Utils.java:31)
      	at cucumber.runtime.java.JavaHookDefinition.execute(JavaHookDefinition.java:60)
      	at cucumber.runtime.Runtime.runHookIfTagsMatch(Runtime.java:223)
      	at cucumber.runtime.Runtime.runHooks(Runtime.java:211)
      	at cucumber.runtime.Runtime.runAfterHooks(Runtime.java:205)
      	at cucumber.runtime.model.CucumberScenario.run(CucumberScenario.java:46)
      	at cucumber.runtime.model.CucumberFeature.run(CucumberFeature.java:165)
      	at cucumber.api.testng.TestNGCucumberRunner.runCucumber(TestNGCucumberRunner.java:63)
      	at cucumber.api.testng.AbstractTestNGCucumberTests.feature(AbstractTestNGCucumberTests.java:21)
      	at sun.reflect.NativeMethodAccessorImpl.invoke0(Native Method)
      	at sun.reflect.NativeMethodAccessorImpl.invoke(NativeMethodAccessorImpl.java:62)
      	at sun.reflect.DelegatingMethodAccessorImpl.invoke(DelegatingMethodAccessorImpl.java:43)
      	at java.lang.reflect.Method.invoke(Method.java:498)
      	at org.testng.internal.MethodInvocationHelper.invokeMethod(MethodInvocationHelper.java:86)
      	at org.testng.internal.Invoker.invokeMethod(Invoker.java:643)
      	at org.testng.internal.Invoker.invokeTestMethod(Invoker.java:820)
      	at org.testng.internal.Invoker.invokeTestMethods(Invoker.java:1128)
      	at org.testng.internal.TestMethodWorker.invokeTestMethods(TestMethodWorker.java:129)
      	at org.testng.internal.TestMethodWorker.run(TestMethodWorker.java:112)
      	at org.testng.TestRunner.privateRun(TestRunner.java:782)
      	at org.testng.TestRunner.run(TestRunner.java:632)
      	at org.testng.SuiteRunner.runTest(SuiteRunner.java:366)
      	at org.testng.SuiteRunner.runSequentially(SuiteRunner.java:361)
      	at org.testng.SuiteRunner.privateRun(SuiteRunner.java:319)
      	at org.testng.SuiteRunner.run(SuiteRunner.java:268)
      	at org.testng.SuiteRunnerWorker.runSuite(SuiteRunnerWorker.java:52)
      	at org.testng.SuiteRunnerWorker.run(SuiteRunnerWorker.java:86)
      	at org.testng.TestNG.runSuitesSequentially(TestNG.java:1244)
      	at org.testng.TestNG.runSuitesLocally(TestNG.java:1169)
      	at org.testng.TestNG.run(TestNG.java:1064)
      	at org.apache.maven.surefire.testng.TestNGExecutor.run(TestNGExecutor.java:295)
      	at org.apache.maven.surefire.testng.TestNGXmlTestSuite.execute(TestNGXmlTestSuite.java:84)
      	at org.apache.maven.surefire.testng.TestNGProvider.invoke(TestNGProvider.java:90)
      	at org.apache.maven.surefire.booter.ForkedBooter.invokeProviderInSameClassLoader(ForkedBooter.java:203)
      	at org.apache.maven.surefire.booter.ForkedBooter.runSuitesInProcess(ForkedBooter.java:155)
      	at org.apache.maven.surefire.booter.ForkedBooter.main(ForkedBooter.java:103)
      &amp#27;[0m

  @Used-Search-Cars-Positive
  Scenario: Validate Used Search Cars Page                                               &amp#27;[90m# UsedCarsSearch.feature:6&amp#27;[0m
    &amp#27;[36mGiven &amp#27;[0m&amp#27;[36mI am on the Home Page "&amp#27;[0m&amp#27;[36m&amp#27;[1mhttps://www.carsguide.com.au/&amp#27;[0m&amp#27;[36m" of CarsGuide Website&amp#27;[0m     &amp#27;[90m# SearchCarsSteps.i_am_on_the_Home_Page_of_CarsGuide_Website(String)&amp#27;[0m
    &amp#27;[36mWhen &amp#27;[0m&amp#27;[36mI move to the menu&amp#27;[0m                                                              &amp#27;[90m# SearchCarsSteps.i_move_to_the_menu(String>)&amp#27;[0m
    &amp#27;[36mAnd &amp#27;[0m&amp#27;[36mclick on "&amp#27;[0m&amp#27;[36m&amp#27;[1mUsed&amp#27;[0m&amp#27;[36m" link on Used Search Car page&amp#27;[0m                                     &amp#27;[90m# UsedCarsSteps.click_on_link_on_Used_Search_Car_page(String)&amp#27;[0m
    &amp#27;[36mAnd &amp#27;[0m&amp#27;[36mselect car make as "&amp#27;[0m&amp#27;[36m&amp#27;[1mAudi&amp#27;[0m&amp#27;[36m" from AnyMake dropdown on Used Search Car page&amp#27;[0m          &amp#27;[90m# UsedCarsSteps.select_car_make_as_from_AnyMake_dropdown_on_Used_Search_Car_page(String)&amp#27;[0m
    &amp#27;[36mAnd &amp#27;[0m&amp#27;[36mselect car model on Used Search Car page&amp#27;[0m                                         &amp#27;[90m# UsedCarsSteps.select_car_model_on_Used_Search_Car_page(String>)&amp#27;[0m
    &amp#27;[36mAnd &amp#27;[0m&amp#27;[36mselect location as "&amp#27;[0m&amp#27;[36m&amp#27;[1mACT - All&amp#27;[0m&amp#27;[36m" from AnyLocation dropdown on Used Search Car page&amp#27;[0m &amp#27;[90m# UsedCarsSteps.select_location_as_from_AnyLocation_dropdown_on_Used_Search_Car_page(String)&amp#27;[0m
    &amp#27;[36mAnd &amp#27;[0m&amp#27;[36mselect Price as "&amp#27;[0m&amp#27;[36m&amp#27;[1m$15,000&amp#27;[0m&amp#27;[36m" from Price dropdown on Used Search Car page&amp#27;[0m            &amp#27;[90m# UsedCarsSteps.select_Price_as_from_Price_dropdown_on_Used_Search_Car_page(String)&amp#27;[0m
    &amp#27;[36mAnd &amp#27;[0m&amp#27;[36mclick on "&amp#27;[0m&amp#27;[36m&amp#27;[1mFind My Next Car&amp#27;[0m&amp#27;[36m" button on Used Search Car page&amp#27;[0m                       &amp#27;[90m# UsedCarsSteps.click_on_button_on_Used_Search_Car_page(String)&amp#27;[0m
    &amp#27;[36mThen &amp#27;[0m&amp#27;[36mI should see list of searched cars on Used Search Car page&amp#27;[0m                      &amp#27;[90m# UsedCarsSteps.i_should_see_list_of_searched_cars_on_Used_Search_Car_page()&amp#27;[0m
    &amp#27;[36mAnd &amp#27;[0m&amp#27;[36mthe page title should be "&amp#27;[0m&amp#27;[36m&amp#27;[1mUsed Audi A3 Under 15000 for Sale ACT | carsguide&amp#27;[0m&amp#27;[36m"&amp#27;[0m     &amp#27;[90m# SearchCarsSteps.the_page_title_should_be(String)&amp#27;[0m
]]></system-out>
    <system-err><![CDATA[Starting ChromeDriver 80.0.3987.106 (f68069574609230cf9b635cd784cfb1bf81bb53a-refs/branch-heads/3987@{#882}) on port 42937
Only local connections are allowed.
Please protect ports used by ChromeDriver and related test frameworks to prevent access by malicious code.
]]></system-err>
  </testcase>
</testsuite>