<?xml version="1.0" encoding="UTF-8"?>
<testng-results skipped="0" failed="0" total="2" passed="2">
  <reporter-output>
  </reporter-output>
  <suite name="Suite" duration-ms="52376" started-at="2020-07-21T04:50:52Z" finished-at="2020-07-21T04:51:44Z">
    <groups>
      <group name="cucumber">
        <method signature="AbstractTestNGCucumberTests.feature(cucumber.api.testng.CucumberFeatureWrapper)[pri:0, instance:runner.RunCuke@1460a8c0]" name="feature" class="cucumber.api.testng.AbstractTestNGCucumberTests"/>
      </group> <!-- cucumber -->
    </groups>
    <test name="Test" duration-ms="52376" started-at="2020-07-21T04:50:52Z" finished-at="2020-07-21T04:51:44Z">
      <class name="runner.RunCuke">
        <test-method status="PASS" signature="setUpClass()[pri:0, instance:runner.RunCuke@1460a8c0]" name="setUpClass" is-config="true" duration-ms="248" started-at="2020-07-20T22:50:52Z" finished-at="2020-07-20T22:50:52Z">
          <reporter-output>
          </reporter-output>
        </test-method> <!-- setUpClass -->
        <test-method status="PASS" signature="setUp()[pri:0, instance:runner.RunCuke@1460a8c0]" name="setUp" is-config="true" duration-ms="255" started-at="2020-07-20T22:50:52Z" finished-at="2020-07-20T22:50:52Z">
          <reporter-output>
          </reporter-output>
        </test-method> <!-- setUp -->
        <test-method status="PASS" signature="feature(cucumber.api.testng.CucumberFeatureWrapper)[pri:0, instance:runner.RunCuke@1460a8c0]" name="feature" duration-ms="30038" started-at="2020-07-20T22:50:52Z" description="Runs Cucumber Feature" data-provider="features" finished-at="2020-07-20T22:51:22Z">
          <params>
            <param index="0">
              <value>
                <![CDATA[Acceptance testing to validate Search cars page is working fine.]]>
              </value>
            </param>
          </params>
          <reporter-output>
          </reporter-output>
        </test-method> <!-- feature -->
        <test-method status="PASS" signature="feature(cucumber.api.testng.CucumberFeatureWrapper)[pri:0, instance:runner.RunCuke@1460a8c0]" name="feature" duration-ms="21629" started-at="2020-07-20T22:51:22Z" description="Runs Cucumber Feature" data-provider="features" finished-at="2020-07-20T22:51:44Z">
          <params>
            <param index="0">
              <value>
                <![CDATA[Acceptance testing to validate Used Search cars page is working fine.]]>
              </value>
            </param>
          </params>
          <reporter-output>
          </reporter-output>
        </test-method> <!-- feature -->
        <test-method status="PASS" signature="tearDownClass()[pri:0, instance:runner.RunCuke@1460a8c0]" name="tearDownClass" is-config="true" duration-ms="64" started-at="2020-07-20T22:51:44Z" finished-at="2020-07-20T22:51:44Z">
          <reporter-output>
          </reporter-output>
        </test-method> <!-- tearDownClass -->
      </class> <!-- runner.RunCuke -->
    </test> <!-- Test -->
  </suite> <!-- Suite -->
</testng-results>
